<?xml version="1.0" encoding="UTF-8"?>
<testng-results ignored="0" total="1" passed="0" failed="1" skipped="0">
  <reporter-output>
  </reporter-output>
  <suite started-at="2022-07-24T12:25:17 IST" name="OpenWeatherTests" finished-at="2022-07-24T12:26:11 IST" duration-ms="54153">
    <groups>
    </groups>
    <test started-at="2022-07-24T12:25:17 IST" name="OpenWeatherTest" finished-at="2022-07-24T12:26:11 IST" duration-ms="54153">
      <class name="com.qualitydevotee.test.AccuWeatherTest">
        <test-method is-config="true" signature="beforeClass()[pri:0, instance:com.qualitydevotee.test.AccuWeatherTest@54d9d12d]" started-at="2022-07-24T12:25:17 IST" name="beforeClass" finished-at="2022-07-24T12:25:24 IST" duration-ms="7104" status="PASS">
          <reporter-output>
          </reporter-output>
        </test-method> <!-- beforeClass -->
        <test-method is-config="true" signature="beforeMethod()[pri:0, instance:com.qualitydevotee.test.AccuWeatherTest@54d9d12d]" started-at="2022-07-24T12:25:25 IST" name="beforeMethod" finished-at="2022-07-24T12:25:50 IST" duration-ms="25675" status="PASS">
          <reporter-output>
          </reporter-output>
        </test-method> <!-- beforeMethod -->
        <test-method signature="qualityDevoteeTest()[pri:0, instance:com.qualitydevotee.test.AccuWeatherTest@54d9d12d]" started-at="2022-07-24T12:25:50 IST" name="qualityDevoteeTest" finished-at="2022-07-24T12:26:10 IST" duration-ms="19562" status="FAIL">
          <exception class="java.lang.AssertionError">
            <message>
              <![CDATA[Since some Weather parameters did not match the test is failed]]>
            </message>
            <full-stacktrace>
              <![CDATA[java.lang.AssertionError: Since some Weather parameters did not match the test is failed
at org.testng.Assert.fail(Assert.java:110)
at com.qualitydevotee.utilities.PerformWeatherDataComparison.compare(PerformWeatherDataComparison.java:129)
at com.qualitydevotee.test.AccuWeatherTest.qualityDevoteeTest(AccuWeatherTest.java:47)
at java.base/jdk.internal.reflect.NativeMethodAccessorImpl.invoke0(Native Method)
at java.base/jdk.internal.reflect.NativeMethodAccessorImpl.invoke(NativeMethodAccessorImpl.java:77)
at java.base/jdk.internal.reflect.DelegatingMethodAccessorImpl.invoke(DelegatingMethodAccessorImpl.java:43)
at java.base/java.lang.reflect.Method.invoke(Method.java:568)
at org.testng.internal.invokers.MethodInvocationHelper.invokeMethod(MethodInvocationHelper.java:139)
at org.testng.internal.invokers.TestInvoker.invokeMethod(TestInvoker.java:677)
at org.testng.internal.invokers.TestInvoker.invokeTestMethod(TestInvoker.java:221)
at org.testng.internal.invokers.MethodRunner.runInSequence(MethodRunner.java:50)
at org.testng.internal.invokers.TestInvoker$MethodInvocationAgent.invoke(TestInvoker.java:962)
at org.testng.internal.invokers.TestInvoker.invokeTestMethods(TestInvoker.java:194)
at org.testng.internal.invokers.TestMethodWorker.invokeTestMethods(TestMethodWorker.java:148)
at org.testng.internal.invokers.TestMethodWorker.run(TestMethodWorker.java:128)
at java.base/java.util.ArrayList.forEach(ArrayList.java:1511)
at org.testng.TestRunner.privateRun(TestRunner.java:806)
at org.testng.TestRunner.run(TestRunner.java:601)
at org.testng.SuiteRunner.runTest(SuiteRunner.java:433)
at org.testng.SuiteRunner.runSequentially(SuiteRunner.java:427)
at org.testng.SuiteRunner.privateRun(SuiteRunner.java:387)
at org.testng.SuiteRunner.run(SuiteRunner.java:330)
at org.testng.SuiteRunnerWorker.runSuite(SuiteRunnerWorker.java:52)
at org.testng.SuiteRunnerWorker.run(SuiteRunnerWorker.java:95)
at org.testng.TestNG.runSuitesSequentially(TestNG.java:1256)
at org.testng.TestNG.runSuitesLocally(TestNG.java:1176)
at org.testng.TestNG.runSuites(TestNG.java:1099)
at org.testng.TestNG.run(TestNG.java:1067)
at org.testng.remote.AbstractRemoteTestNG.run(AbstractRemoteTestNG.java:115)
at org.testng.remote.RemoteTestNG.initAndRun(RemoteTestNG.java:251)
at org.testng.remote.RemoteTestNG.main(RemoteTestNG.java:77)
]]>
            </full-stacktrace>
          </exception> <!-- java.lang.AssertionError -->
          <reporter-output>
          </reporter-output>
        </test-method> <!-- qualityDevoteeTest -->
        <test-method is-config="true" signature="afterClass()[pri:0, instance:com.qualitydevotee.test.AccuWeatherTest@54d9d12d]" started-at="2022-07-24T12:26:10 IST" name="afterClass" finished-at="2022-07-24T12:26:11 IST" duration-ms="1074" status="PASS">
          <reporter-output>
          </reporter-output>
        </test-method> <!-- afterClass -->
      </class> <!-- com.qualitydevotee.test.AccuWeatherTest -->
    </test> <!-- OpenWeatherTest -->
  </suite> <!-- OpenWeatherTests -->
</testng-results>
